<?xml version="1.0" encoding="UTF-8"?>
<!-- Generated by org.testng.reporters.JUnitReportReporter -->
<testsuite skipped="0" hostname="LAPTOP-SLPQU167" name="CucumberOptions.TestRunner" tests="4" failures="0" timestamp="2020-08-02T12:50:23 IST" time="218.261" errors="0">
  <testcase name="runScenario" time="48.903" classname="CucumberOptions.TestRunner"/>
  <system-out/>
  <testcase name="runScenario" time="39.011" classname="CucumberOptions.TestRunner"/>
  <system-out/>
  <testcase name="runScenario" time="77.480" classname="CucumberOptions.TestRunner"/>
  <system-out/>
  <testcase name="runScenario" time="52.867" classname="CucumberOptions.TestRunner"/>
  <system-out/>
</testsuite> <!-- CucumberOptions.TestRunner -->
