<?xml version="1.0" encoding="UTF-8"?>
<!-- Generated by org.testng.reporters.JUnitReportReporter -->
<testsuite skipped="0" hostname="LAPTOP-SLPQU167" name="CucumberOptions.TestRunner" tests="4" failures="0" timestamp="2020-07-03T15:14:36 IST" time="315.089" errors="0">
  <testcase name="runScenario" time="45.664" classname="CucumberOptions.TestRunner"/>
  <system-out/>
  <testcase name="runScenario" time="84.204" classname="CucumberOptions.TestRunner"/>
  <system-out/>
  <testcase name="runScenario" time="125.281" classname="CucumberOptions.TestRunner"/>
  <system-out/>
  <testcase name="runScenario" time="59.940" classname="CucumberOptions.TestRunner"/>
  <system-out/>
</testsuite> <!-- CucumberOptions.TestRunner -->
