<?xml version="1.0" encoding="UTF-8"?>
<!-- Generated by org.testng.reporters.JUnitReportReporter -->
<testsuite skipped="0" hostname="LAPTOP-SLPQU167" name="POM_Demo.POM_Devlabs.SeleniumTest_POM" tests="3" failures="0" timestamp="2020-06-29T23:52:20 IST" time="322.988" errors="0">
  <testcase name="Validate_TC001" time="95.114" classname="POM_Demo.POM_Devlabs.SeleniumTest_POM"/>
  <system-out/>
  <testcase name="Validate_TC002" time="68.568" classname="POM_Demo.POM_Devlabs.SeleniumTest_POM"/>
  <system-out/>
  <testcase name="Validate_TC003" time="159.306" classname="POM_Demo.POM_Devlabs.SeleniumTest_POM"/>
  <system-out/>
</testsuite> <!-- POM_Demo.POM_Devlabs.SeleniumTest_POM -->
